<?xml version="1.0" encoding="UTF-8"?>
<testsuite xmlns:xsi="http://www.w3.org/2001/XMLSchema-instance" xsi:noNamespaceSchemaLocation="https://maven.apache.org/surefire/maven-surefire-plugin/xsd/surefire-test-report-3.0.xsd" version="3.0" name="com.traffic.web.LinkFlowIntegrationTest" time="4.934" tests="4" errors="0" skipped="0" failures="0">
  <properties>
[...]
</properties>
  <testcase name="createThenRedirect_happyPath" classname="com.traffic.web.LinkFlowIntegrationTest" time="2.164">
    <system-out><![CDATA[20:36:01.074 [main] INFO org.springframework.test.context.support.AnnotationConfigContextLoaderUtils -- Could not detect default configuration classes for test class [com.traffic.web.LinkFlowIntegrationTest]: LinkFlowIntegrationTest does not declare any static, non-private, non-final, nested classes annotated with @Configuration.
20:36:01.204 [main] INFO org.springframework.boot.test.context.SpringBootTestContextBootstrapper -- Found @SpringBootConfiguration com.traffic.TrafficApplication for test class com.traffic.web.LinkFlowIntegrationTest

  .   ____          _            __ _ _
 /\\ / ___'_ __ _ _(_)_ __  __ _ \ \ \ \
( ( )\___ | '_ | '_| | '_ \/ _` | \ \ \ \
 \\/  ___)| |_)| | | | | || (_| |  ) ) ) )
  '  |____| .__|_| |_|_| |_\__, | / / / /
 =========|_|==============|___/=/_/_/_/

 :: Spring Boot ::                (v3.3.6)

2026-04-13T20:36:01.625+03:00  INFO 6000 --- [traffic-management] [           main] c.traffic.web.LinkFlowIntegrationTest    : Starting LinkFlowIntegrationTest using Java 17.0.17 with PID 6000 (started by Miri in C:\Repos\TrafficManagement)
2026-04-13T20:36:01.626+03:00  INFO 6000 --- [traffic-management] [           main] c.traffic.web.LinkFlowIntegrationTest    : No active profile set, falling back to 1 default profile: "default"
2026-04-13T20:36:03.324+03:00  INFO 6000 --- [traffic-management] [           main] o.s.b.t.m.w.SpringBootMockServletContext : Initializing Spring TestDispatcherServlet ''
2026-04-13T20:36:03.324+03:00  INFO 6000 --- [traffic-management] [           main] o.s.t.web.servlet.TestDispatcherServlet  : Initializing Servlet ''
2026-04-13T20:36:03.336+03:00  INFO 6000 --- [traffic-management] [           main] o.s.b.a.e.web.EndpointLinksResolver      : Exposing 1 endpoint beneath base path '/actuator'
2026-04-13T20:36:03.341+03:00  INFO 6000 --- [traffic-management] [           main] o.s.t.web.servlet.TestDispatcherServlet  : Completed initialization in 17 ms
2026-04-13T20:36:03.410+03:00  INFO 6000 --- [traffic-management] [           main] c.traffic.web.LinkFlowIntegrationTest    : Started LinkFlowIntegrationTest in 2.053 seconds (process running for 2.896)
]]></system-out>
  </testcase>
  <testcase name="create_invalidUrl_returns400ProblemDetail" classname="com.traffic.web.LinkFlowIntegrationTest" time="0.133"/>
  <testcase name="redirect_unknownSlug_returns404" classname="com.traffic.web.LinkFlowIntegrationTest" time="0.007"/>
  <testcase name="create_blankTarget_returns400" classname="com.traffic.web.LinkFlowIntegrationTest" time="0.037"/>
</testsuite>