<?xml version="1.0" encoding="UTF-8"?>
<testsuite xmlns:xsi="http://www.w3.org/2001/XMLSchema-instance" xsi:noNamespaceSchemaLocation="https://maven.apache.org/surefire/maven-surefire-plugin/xsd/surefire-test-report.xsd" version="3.0.2" name="com.traffic.web.LinkFlowIntegrationTest" time="3.318" tests="4" errors="0" skipped="0" failures="0" flakes="0">
  <properties>
[...]
</properties>
  <testcase name="createThenRedirect_happyPath" classname="com.traffic.web.LinkFlowIntegrationTest" time="1.002">
    <system-out><![CDATA[00:48:32.602 [main] INFO org.springframework.test.context.support.AnnotationConfigContextLoaderUtils -- Could not detect default configuration classes for test class [com.traffic.web.LinkFlowIntegrationTest]: LinkFlowIntegrationTest does not declare any static, non-private, non-final, nested classes annotated with @Configuration.
00:48:32.733 [main] INFO org.springframework.boot.test.context.SpringBootTestContextBootstrapper -- Found @SpringBootConfiguration com.traffic.TrafficApplication for test class com.traffic.web.LinkFlowIntegrationTest

  .   ____          _            __ _ _
 /\\ / ___'_ __ _ _(_)_ __  __ _ \ \ \ \
( ( )\___ | '_ | '_| | '_ \/ _` | \ \ \ \
 \\/  ___)| |_)| | | | | || (_| |  ) ) ) )
  '  |____| .__|_| |_|_| |_\__, | / / / /
 =========|_|==============|___/=/_/_/_/

 :: Spring Boot ::               (v3.5.13)

2026-04-14T00:48:33.115+03:00  INFO 19112 --- [traffic-management] [           main] c.traffic.web.LinkFlowIntegrationTest    : Starting LinkFlowIntegrationTest using Java 17.0.17 with PID 19112 (started by Miri in C:\Repos\TrafficManagement)
2026-04-14T00:48:33.116+03:00  INFO 19112 --- [traffic-management] [           main] c.traffic.web.LinkFlowIntegrationTest    : No active profile set, falling back to 1 default profile: "default"
2026-04-14T00:48:34.566+03:00  INFO 19112 --- [traffic-management] [           main] o.s.b.t.m.w.SpringBootMockServletContext : Initializing Spring TestDispatcherServlet ''
2026-04-14T00:48:34.566+03:00  INFO 19112 --- [traffic-management] [           main] o.s.t.web.servlet.TestDispatcherServlet  : Initializing Servlet ''
2026-04-14T00:48:34.571+03:00  INFO 19112 --- [traffic-management] [           main] o.s.b.a.e.web.EndpointLinksResolver      : Exposing 1 endpoint beneath base path '/actuator'
2026-04-14T00:48:34.585+03:00  INFO 19112 --- [traffic-management] [           main] o.s.t.web.servlet.TestDispatcherServlet  : Completed initialization in 17 ms
2026-04-14T00:48:34.643+03:00  INFO 19112 --- [traffic-management] [           main] c.traffic.web.LinkFlowIntegrationTest    : Started LinkFlowIntegrationTest in 1.789 seconds (process running for 2.582)
]]></system-out>
  </testcase>
  <testcase name="create_invalidUrl_returns400ProblemDetail" classname="com.traffic.web.LinkFlowIntegrationTest" time="0.033"/>
  <testcase name="redirect_unknownSlug_returns404" classname="com.traffic.web.LinkFlowIntegrationTest" time="0.006"/>
  <testcase name="create_blankTarget_returns400" classname="com.traffic.web.LinkFlowIntegrationTest" time="0.03"/>
</testsuite>